<?xml version="1.0" encoding="UTF-8"?>
<!-- Generated by org.testng.reporters.JUnitXMLReporter -->
<testsuite hostname="LT-A10-122186.local" name="Command line test" tests="6" failures="0" timestamp="9 Oct 2014 16:56:49 GMT" time="7.658" errors="0">
  <testcase name="testNoOffset" time="1.453" classname="com.jivesoftware.os.rcvs.api.FixedWidthSymetricalHashableMarshallerNGTest"/>
  <testcase name="testWithOffset" time="0.002" classname="com.jivesoftware.os.rcvs.api.FixedWidthSymetricalHashableMarshallerNGTest"/>
  <testcase name="testDistribution" time="1.017" classname="com.jivesoftware.os.rcvs.api.keys.SymetricalHashableKeyTest"/>
  <testcase name="testOddsOfBeingInOrder" time="1.533" classname="com.jivesoftware.os.rcvs.api.keys.SymetricalHashableKeyTest"/>
  <testcase name="testThreadSafe" time="3.558" classname="com.jivesoftware.os.rcvs.api.keys.SymetricalHashableKeyTest"/>
  <testcase name="testToHash" time="0.003" classname="com.jivesoftware.os.rcvs.api.keys.SymetricalHashableKeyTest"/>
</testsuite> <!-- Command line test -->
