<?xml version="1.0" encoding="UTF-8"?>
<!-- Generated by org.testng.reporters.JUnitXMLReporter -->
<testsuite hostname="LT-A10-122186.local" name="Command line test" tests="15" failures="0" timestamp="9 Oct 2014 16:57:20 GMT" time="1.066" errors="0">
  <testcase name="testAdd" time="0.008" classname="com.jivesoftware.os.rcvs.inmemory.InMemoryRowColumnValueStoreTest"/>
  <testcase name="testCheckAndAdd" time="0.0" classname="com.jivesoftware.os.rcvs.inmemory.InMemoryRowColumnValueStoreTest"/>
  <testcase name="testGetEntries" time="0.019" classname="com.jivesoftware.os.rcvs.inmemory.InMemoryRowColumnValueStoreTest"/>
  <testcase name="testGetKeys" time="0.003" classname="com.jivesoftware.os.rcvs.inmemory.InMemoryRowColumnValueStoreTest"/>
  <testcase name="testGetValues" time="0.003" classname="com.jivesoftware.os.rcvs.inmemory.InMemoryRowColumnValueStoreTest"/>
  <testcase name="testMultiAdd" time="0.0" classname="com.jivesoftware.os.rcvs.inmemory.InMemoryRowColumnValueStoreTest"/>
  <testcase name="testMultiGet" time="0.001" classname="com.jivesoftware.os.rcvs.inmemory.InMemoryRowColumnValueStoreTest"/>
  <testcase name="testMultiGetEntries" time="0.0" classname="com.jivesoftware.os.rcvs.inmemory.InMemoryRowColumnValueStoreTest"/>
  <testcase name="testMultiRemove" time="0.002" classname="com.jivesoftware.os.rcvs.inmemory.InMemoryRowColumnValueStoreTest"/>
  <testcase name="testMultiRowGetAll" time="0.006" classname="com.jivesoftware.os.rcvs.inmemory.InMemoryRowColumnValueStoreTest"/>
  <testcase name="testMultiRowsMultiAdd" time="0.0" classname="com.jivesoftware.os.rcvs.inmemory.InMemoryRowColumnValueStoreTest"/>
  <testcase name="testMultiRowsMultiRemove" time="0.003" classname="com.jivesoftware.os.rcvs.inmemory.InMemoryRowColumnValueStoreTest"/>
  <testcase name="testPermanentRemoveRow" time="0.001" classname="com.jivesoftware.os.rcvs.inmemory.InMemoryRowColumnValueStoreTest"/>
  <testcase name="testRemove" time="0.001" classname="com.jivesoftware.os.rcvs.inmemory.InMemoryRowColumnValueStoreTest"/>
  <testcase name="testRemoveRow" time="0.0" classname="com.jivesoftware.os.rcvs.inmemory.InMemoryRowColumnValueStoreTest"/>
</testsuite> <!-- Command line test -->
