<?xml version="1.0" encoding="UTF-8"?>
<testng-results skipped="0" failed="0" total="2" passed="2">
  <reporter-output>
  </reporter-output>
  <suite name="com.jivesoftware.os.rcvs.marshall.primitives.IntegerTypeMarshallerTest" duration-ms="69" started-at="2014-10-09T16:57:02Z" finished-at="2014-10-09T16:57:03Z">
    <groups>
    </groups>
    <test name="Command line test" duration-ms="69" started-at="2014-10-09T16:57:02Z" finished-at="2014-10-09T16:57:03Z">
      <class name="com.jivesoftware.os.rcvs.marshall.primitives.IntegerTypeMarshallerTest">
        <test-method status="PASS" signature="setUp()[pri:0, instance:com.jivesoftware.os.rcvs.marshall.primitives.IntegerTypeMarshallerTest@75faf398]" name="setUp" is-config="true" duration-ms="17" started-at="2014-10-09T06:57:03Z" finished-at="2014-10-09T06:57:03Z">
          <reporter-output>
          </reporter-output>
        </test-method> <!-- setUp -->
        <test-method status="PASS" signature="testLexMarshalling()[pri:0, instance:com.jivesoftware.os.rcvs.marshall.primitives.IntegerTypeMarshallerTest@75faf398]" name="testLexMarshalling" duration-ms="19" started-at="2014-10-09T06:57:03Z" finished-at="2014-10-09T06:57:03Z">
          <reporter-output>
          </reporter-output>
        </test-method> <!-- testLexMarshalling -->
        <test-method status="PASS" signature="testMarshalling()[pri:0, instance:com.jivesoftware.os.rcvs.marshall.primitives.IntegerTypeMarshallerTest@75faf398]" name="testMarshalling" duration-ms="1" started-at="2014-10-09T06:57:03Z" finished-at="2014-10-09T06:57:03Z">
          <reporter-output>
          </reporter-output>
        </test-method> <!-- testMarshalling -->
        <test-method status="PASS" signature="setUp()[pri:0, instance:com.jivesoftware.os.rcvs.marshall.primitives.IntegerTypeMarshallerTest@75faf398]" name="setUp" is-config="true" duration-ms="0" started-at="2014-10-09T06:57:03Z" finished-at="2014-10-09T06:57:03Z">
          <reporter-output>
          </reporter-output>
        </test-method> <!-- setUp -->
      </class> <!-- com.jivesoftware.os.rcvs.marshall.primitives.IntegerTypeMarshallerTest -->
    </test> <!-- Command line test -->
  </suite> <!-- com.jivesoftware.os.rcvs.marshall.primitives.IntegerTypeMarshallerTest -->
</testng-results>
