<?xml version="1.0" encoding="UTF-8"?>
<testng-results skipped="0" failed="0" total="6" passed="6">
  <reporter-output>
  </reporter-output>
  <suite name="Command line suite" duration-ms="7658" started-at="2014-10-09T16:56:42Z" finished-at="2014-10-09T16:56:49Z">
    <groups>
    </groups>
    <test name="Command line test" duration-ms="7658" started-at="2014-10-09T16:56:42Z" finished-at="2014-10-09T16:56:49Z">
      <class name="com.jivesoftware.os.rcvs.api.FixedWidthSymetricalHashableMarshallerNGTest">
        <test-method status="PASS" signature="setUpMethod()[pri:0, instance:com.jivesoftware.os.rcvs.api.FixedWidthSymetricalHashableMarshallerNGTest@5908979c]" name="setUpMethod" is-config="true" duration-ms="35" started-at="2014-10-09T06:56:42Z" finished-at="2014-10-09T06:56:42Z">
          <reporter-output>
          </reporter-output>
        </test-method> <!-- setUpMethod -->
        <test-method status="PASS" signature="testNoOffset()[pri:0, instance:com.jivesoftware.os.rcvs.api.FixedWidthSymetricalHashableMarshallerNGTest@5908979c]" name="testNoOffset" duration-ms="1453" started-at="2014-10-09T06:56:42Z" finished-at="2014-10-09T06:56:43Z">
          <reporter-output>
          </reporter-output>
        </test-method> <!-- testNoOffset -->
        <test-method status="PASS" signature="tearDownMethod()[pri:0, instance:com.jivesoftware.os.rcvs.api.FixedWidthSymetricalHashableMarshallerNGTest@5908979c]" name="tearDownMethod" is-config="true" duration-ms="0" started-at="2014-10-09T06:56:43Z" finished-at="2014-10-09T06:56:43Z">
          <reporter-output>
          </reporter-output>
        </test-method> <!-- tearDownMethod -->
        <test-method status="PASS" signature="setUpMethod()[pri:0, instance:com.jivesoftware.os.rcvs.api.FixedWidthSymetricalHashableMarshallerNGTest@5908979c]" name="setUpMethod" is-config="true" duration-ms="1" started-at="2014-10-09T06:56:43Z" finished-at="2014-10-09T06:56:43Z">
          <reporter-output>
          </reporter-output>
        </test-method> <!-- setUpMethod -->
        <test-method status="PASS" signature="testWithOffset()[pri:0, instance:com.jivesoftware.os.rcvs.api.FixedWidthSymetricalHashableMarshallerNGTest@5908979c]" name="testWithOffset" duration-ms="2" started-at="2014-10-09T06:56:43Z" finished-at="2014-10-09T06:56:43Z">
          <reporter-output>
          </reporter-output>
        </test-method> <!-- testWithOffset -->
        <test-method status="PASS" signature="tearDownMethod()[pri:0, instance:com.jivesoftware.os.rcvs.api.FixedWidthSymetricalHashableMarshallerNGTest@5908979c]" name="tearDownMethod" is-config="true" duration-ms="0" started-at="2014-10-09T06:56:43Z" finished-at="2014-10-09T06:56:43Z">
          <reporter-output>
          </reporter-output>
        </test-method> <!-- tearDownMethod -->
      </class> <!-- com.jivesoftware.os.rcvs.api.FixedWidthSymetricalHashableMarshallerNGTest -->
      <class name="com.jivesoftware.os.rcvs.api.keys.SymetricalHashableKeyTest">
        <test-method status="PASS" signature="testDistribution()[pri:0, instance:com.jivesoftware.os.rcvs.api.keys.SymetricalHashableKeyTest@29c114f2]" name="testDistribution" duration-ms="1017" started-at="2014-10-09T06:56:43Z" finished-at="2014-10-09T06:56:44Z">
          <reporter-output>
          </reporter-output>
        </test-method> <!-- testDistribution -->
        <test-method status="PASS" signature="testOddsOfBeingInOrder()[pri:0, instance:com.jivesoftware.os.rcvs.api.keys.SymetricalHashableKeyTest@29c114f2]" name="testOddsOfBeingInOrder" duration-ms="1533" started-at="2014-10-09T06:56:44Z" finished-at="2014-10-09T06:56:46Z">
          <reporter-output>
          </reporter-output>
        </test-method> <!-- testOddsOfBeingInOrder -->
        <test-method status="PASS" signature="testThreadSafe()[pri:0, instance:com.jivesoftware.os.rcvs.api.keys.SymetricalHashableKeyTest@29c114f2]" name="testThreadSafe" duration-ms="3558" started-at="2014-10-09T06:56:46Z" finished-at="2014-10-09T06:56:49Z">
          <reporter-output>
          </reporter-output>
        </test-method> <!-- testThreadSafe -->
        <test-method status="PASS" signature="testToHash()[pri:0, instance:com.jivesoftware.os.rcvs.api.keys.SymetricalHashableKeyTest@29c114f2]" name="testToHash" duration-ms="3" started-at="2014-10-09T06:56:49Z" finished-at="2014-10-09T06:56:49Z">
          <reporter-output>
          </reporter-output>
        </test-method> <!-- testToHash -->
      </class> <!-- com.jivesoftware.os.rcvs.api.keys.SymetricalHashableKeyTest -->
    </test> <!-- Command line test -->
  </suite> <!-- Command line suite -->
</testng-results>
