<?xml version="1.0" encoding="UTF-8"?>
<testng-results skipped="0" failed="0" total="0" passed="0">
  <reporter-output>
  </reporter-output>
  <suite name="com.jivesoftware.os.rcvs.hbase.HBaseRowColumnValueStoreTest" duration-ms="16" started-at="2014-10-09T16:57:08Z" finished-at="2014-10-09T16:57:08Z">
    <groups>
    </groups>
    <test name="Command line test" duration-ms="16" started-at="2014-10-09T16:57:08Z" finished-at="2014-10-09T16:57:08Z">
    </test> <!-- Command line test -->
  </suite> <!-- com.jivesoftware.os.rcvs.hbase.HBaseRowColumnValueStoreTest -->
</testng-results>
